<?xml version="1.0" encoding="UTF-8"?>
<!-- Generated by org.testng.reporters.JUnitReportReporter -->
<testsuite hostname="DIN17000315" name="mainScripts.MainScript_mylearning" tests="1" failures="0" timestamp="29 May 2020 09:00:23 GMT" time="63.046" errors="0">
  <testcase name="mylearning" time="63.046" classname="mainScripts.MainScript_mylearning"/>
</testsuite> <!-- mainScripts.MainScript_mylearning -->
